<?xml version="1.0" encoding="UTF-8"?>
<!-- Generated by org.testng.reporters.JUnitReportReporter -->
<testsuite hostname="DESKTOP-0NCVSHF" failures="0" tests="1" name="testcase.HomePage" time="6.706" errors="0" timestamp="2020-10-16T14:49:44 WAT" skipped="0">
  <testcase classname="testcase.HomePage" name="HomePageTest" time="6.706"/>
  <system-out/>
</testsuite> <!-- testcase.HomePage -->
